<?xml version="1.0" encoding="UTF-8"?>
<testng-results ignored="0" total="1" passed="1" failed="0" skipped="0">
  <reporter-output>
  </reporter-output>
  <suite started-at="2024-08-13T19:01:32 IST" name="Search product" finished-at="2024-08-13T19:01:44 IST" duration-ms="11239">
    <groups>
    </groups>
    <test started-at="2024-08-13T19:01:32 IST" name="Search item" finished-at="2024-08-13T19:01:44 IST" duration-ms="11239">
      <class name="vidhyaPrakashAutomation.Amazon.OrderSearch">
        <test-method signature="orderSearch()[pri:0, instance:vidhyaPrakashAutomation.Amazon.OrderSearch@72bc6553]" started-at="2024-08-13T19:01:32 IST" name="orderSearch" finished-at="2024-08-13T19:01:44 IST" duration-ms="11106" status="PASS">
          <reporter-output>
          </reporter-output>
        </test-method> <!-- orderSearch -->
        <test-method is-config="true" signature="tearDown()[pri:0, instance:vidhyaPrakashAutomation.Amazon.OrderSearch@72bc6553]" started-at="2024-08-13T19:01:44 IST" name="tearDown" finished-at="2024-08-13T19:01:44 IST" duration-ms="85" status="PASS">
          <reporter-output>
          </reporter-output>
        </test-method> <!-- tearDown -->
      </class> <!-- vidhyaPrakashAutomation.Amazon.OrderSearch -->
    </test> <!-- Search item -->
  </suite> <!-- Search product -->
</testng-results>
