<?xml version="1.0" encoding="UTF-8"?>
<testng-results ignored="0" total="1" passed="1" failed="0" skipped="0">
  <reporter-output>
  </reporter-output>
  <suite started-at="2024-08-13T13:59:17 IST" name="Search product" finished-at="2024-08-13T13:59:32 IST" duration-ms="14757">
    <groups>
    </groups>
    <test started-at="2024-08-13T13:59:17 IST" name="Search item" finished-at="2024-08-13T13:59:32 IST" duration-ms="14757">
      <class name="vidhyaPrakashAutomation.Amazon.OrderSearch">
        <test-method signature="orderSearch()[pri:0, instance:vidhyaPrakashAutomation.Amazon.OrderSearch@58326051]" started-at="2024-08-13T13:59:17 IST" name="orderSearch" finished-at="2024-08-13T13:59:32 IST" duration-ms="14666" status="PASS">
          <reporter-output>
          </reporter-output>
        </test-method> <!-- orderSearch -->
        <test-method is-config="true" signature="tearDowb()[pri:0, instance:vidhyaPrakashAutomation.Amazon.OrderSearch@58326051]" started-at="2024-08-13T13:59:32 IST" name="tearDowb" finished-at="2024-08-13T13:59:32 IST" duration-ms="63" status="PASS">
          <reporter-output>
          </reporter-output>
        </test-method> <!-- tearDowb -->
      </class> <!-- vidhyaPrakashAutomation.Amazon.OrderSearch -->
    </test> <!-- Search item -->
  </suite> <!-- Search product -->
</testng-results>
